<!DOCTYPE html>
<!--
 | Generated by Apache Maven Doxia Site Renderer 1.11.1 at 2023-08-21

 | Rendered using Apache Maven Default Skin
-->
<html xmlns="http://www.w3.org/1999/xhtml" xml:lang="en" lang="en">
  <head>
    <meta charset="UTF-8" />
    <meta name="viewport" content="width=device-width, initial-scale=1.0" />
    <meta name="generator" content="Apache Maven Doxia Site Renderer 1.11.1" />
    <title>RestAssuredTest &#x2013; Surefire Report</title>
    <link rel="stylesheet" href="./css/maven-base.css" />
    <link rel="stylesheet" href="./css/maven-theme.css" />
    <link rel="stylesheet" href="./css/site.css" />
    <link rel="stylesheet" href="./css/print.css" media="print" />
  </head>
  <body class="composite">
    <div id="banner">
      <div class="clear">
        <hr/>
      </div>
    </div>
    <div id="breadcrumbs">
      <div class="xleft">
        <span id="publishDate">Last Published: 2023-08-21</span>
           | <span id="projectVersion">Version: 1.0-SNAPSHOT</span>
      </div>
      <div class="xright">      </div>
      <div class="clear">
        <hr/>
      </div>
    </div>
    <div id="leftColumn">
      <div id="navcolumn">
      <a href="http://maven.apache.org/" title="Built by Maven" class="poweredBy">
        <img class="poweredBy" alt="Built by Maven" src="./images/logos/maven-feather.png" />
      </a>
      </div>
    </div>
    <div id="bodyColumn">
      <div id="contentBox">
<script type="text/javascript">
function toggleDisplay(elementId) {
 var elm = document.getElementById(elementId + '-error');
 if (elm == null) {
  elm = document.getElementById(elementId + '-failure');
 }
 if (elm && typeof elm.style != "undefined") {
  if (elm.style.display == "none") {
   elm.style.display = "";
   document.getElementById(elementId + '-off').style.display = "none";
   document.getElementById(elementId + '-on').style.display = "inline";
  } else if (elm.style.display == "") {   elm.style.display = "none";
   document.getElementById(elementId + '-off').style.display = "inline";
   document.getElementById(elementId + '-on').style.display = "none";
  }
 }
 }</script><section>
<h2><a name="Surefire_Report"></a>Surefire Report</h2></section><section><a id="Summary"></a>
<h2><a name="Summary"></a>Summary</h2>
<p>[<a href="#Summary">Summary</a>] [<a href="#Package_List">Package List</a>] [<a href="#Test_Cases">Test Cases</a>]</p><br />
<table border="0" class="bodyTable">
<tr class="a">
<th>Tests</th>
<th>Errors</th>
<th>Failures</th>
<th>Skipped</th>
<th>Success Rate</th>
<th>Time</th></tr>
<tr class="b">
<td align="left">12</td>
<td>0</td>
<td>2</td>
<td>0</td>
<td>83.3%</td>
<td>11.23 s</td></tr></table><br />
<p>Note: failures are anticipated and checked for with assertions while errors are unanticipated.</p><br /></section><section><a id="Package_List"></a>
<h2><a name="Package_List"></a>Package List</h2>
<p>[<a href="#Summary">Summary</a>] [<a href="#Package_List">Package List</a>] [<a href="#Test_Cases">Test Cases</a>]</p><br />
<table border="0" class="bodyTable">
<tr class="a">
<th>Package</th>
<th>Tests</th>
<th>Errors</th>
<th>Failures</th>
<th>Skipped</th>
<th>Success Rate</th>
<th>Time</th></tr>
<tr class="b">
<td align="left"><a href="#com.herokuapp.restful.booker.authentication">com.herokuapp.restful.booker.authentication</a></td>
<td>2</td>
<td>0</td>
<td>1</td>
<td>0</td>
<td>50.0%</td>
<td>0.882 s</td></tr>
<tr class="a">
<td align="left"><a href="#com.herokuapp.restful.booker.booking">com.herokuapp.restful.booker.booking</a></td>
<td>10</td>
<td>0</td>
<td>1</td>
<td>0</td>
<td>90.0%</td>
<td>10.35 s</td></tr></table><br />
<p>Note: package statistics are not computed recursively, they only sum up all of its testsuites numbers.</p><section><a id="com.herokuapp.restful.booker.authentication"></a>
<h3><a name="com.herokuapp.restful.booker.authentication"></a>com.herokuapp.restful.booker.authentication</h3>
<table border="0" class="bodyTable">
<tr class="a">
<th>-</th>
<th>Class</th>
<th>Tests</th>
<th>Errors</th>
<th>Failures</th>
<th>Skipped</th>
<th>Success Rate</th>
<th>Time</th></tr>
<tr class="b">
<td align="left"><a href="#com.herokuapp.restful.booker.authentication.TestAuthentication"><img src="images/icon_warning_sml.gif" alt="" /></a></td>
<td><a href="#com.herokuapp.restful.booker.authentication.TestAuthentication">TestAuthentication</a></td>
<td>2</td>
<td>0</td>
<td>1</td>
<td>0</td>
<td>50.0%</td>
<td>0.882 s</td></tr></table></section><section><a id="com.herokuapp.restful.booker.booking"></a>
<h3><a name="com.herokuapp.restful.booker.booking"></a>com.herokuapp.restful.booker.booking</h3>
<table border="0" class="bodyTable">
<tr class="a">
<th>-</th>
<th>Class</th>
<th>Tests</th>
<th>Errors</th>
<th>Failures</th>
<th>Skipped</th>
<th>Success Rate</th>
<th>Time</th></tr>
<tr class="b">
<td align="left"><a href="#com.herokuapp.restful.booker.booking.TestBooking"><img src="images/icon_warning_sml.gif" alt="" /></a></td>
<td><a href="#com.herokuapp.restful.booker.booking.TestBooking">TestBooking</a></td>
<td>10</td>
<td>0</td>
<td>1</td>
<td>0</td>
<td>90.0%</td>
<td>10.35 s</td></tr></table></section><br /></section><section><a id="Test_Cases"></a>
<h2><a name="Test_Cases"></a>Test Cases</h2>
<p>[<a href="#Summary">Summary</a>] [<a href="#Package_List">Package List</a>] [<a href="#Test_Cases">Test Cases</a>]</p><section><a id="com.herokuapp.restful.booker.authentication.TestAuthentication"></a>
<h3><a name="TestAuthentication"></a>TestAuthentication</h3>
<table border="0" class="bodyTable">
<tr class="a">
<td align="left"><img src="images/icon_success_sml.gif" alt="" /></td>
<td><a id="TC_com.herokuapp.restful.booker.authentication.TestAuthentication.testAuthenticationWithValidCredentialsExpectedStatusCode200"></a>testAuthenticationWithValidCredentialsExpectedStatusCode200</td>
<td>0.223 s</td></tr>
<tr class="b">
<td align="left"><a href="#com.herokuapp.restful.booker.authentication.TestAuthentication.testAuthenticationWithInvalidCredentialsExpectedStatusCode401"><img src="images/icon_error_sml.gif" alt="" /></a></td>
<td><a id="TC_com.herokuapp.restful.booker.authentication.TestAuthentication.testAuthenticationWithInvalidCredentialsExpectedStatusCode401"></a><a href="#com.herokuapp.restful.booker.authentication.TestAuthentication.testAuthenticationWithInvalidCredentialsExpectedStatusCode401">testAuthenticationWithInvalidCredentialsExpectedStatusCode401</a>
<div class="detailToggle" style="display:inline"><a href="javascript:toggleDisplay('com.herokuapp.restful.booker.authentication.TestAuthentication.testAuthenticationWithInvalidCredentialsExpectedStatusCode401');"><span style="display:inline;" id="com.herokuapp.restful.booker.authentication.TestAuthentication.testAuthenticationWithInvalidCredentialsExpectedStatusCode401-off"> + </span><span style="display:none;" id="com.herokuapp.restful.booker.authentication.TestAuthentication.testAuthenticationWithInvalidCredentialsExpectedStatusCode401-on"> - </span>[ Detail ]</a></div></td>
<td>0.209 s</td></tr>
<tr class="a">
<td align="left">-</td>
<td>Was expected a status code equal to 401, but received 200 ==&gt; expected: &lt;200&gt; but was: &lt;401&gt;</td>
<td>-</td></tr>
<tr class="b" id="com.herokuapp.restful.booker.authentication.TestAuthentication.testAuthenticationWithInvalidCredentialsExpectedStatusCode401-failure" style="display:none;">
<td align="left">-</td>
<td>
<div class="source">
<pre>org.opentest4j.AssertionFailedError: Was expected a status code equal to 401, but received 200 ==&gt; expected: &lt;200&gt; but was: &lt;401&gt;
	at org.junit.jupiter.api.AssertionFailureBuilder.build(AssertionFailureBuilder.java:151)
	at org.junit.jupiter.api.AssertionFailureBuilder.buildAndThrow(AssertionFailureBuilder.java:132)
	at org.junit.jupiter.api.AssertEquals.failNotEqual(AssertEquals.java:197)
	at org.junit.jupiter.api.AssertEquals.assertEquals(AssertEquals.java:150)
	at org.junit.jupiter.api.Assertions.assertEquals(Assertions.java:559)
	at assertions.utils.AssertionsUtils.assertStatusCode(AssertionsUtils.java:14)
	at com.herokuapp.restful.booker.authentication.TestAuthentication.testAuthenticationWithInvalidCredentialsExpectedStatusCode401(TestAuthentication.java:55)
	at java.base/java.lang.reflect.Method.invoke(Method.java:578)
	at java.base/java.util.ArrayList.forEach(ArrayList.java:1511)
	at java.base/java.util.ArrayList.forEach(ArrayList.java:1511)
</pre></div></td>
<td>-</td></tr></table></section><section><a id="com.herokuapp.restful.booker.booking.TestBooking"></a>
<h3><a name="TestBooking"></a>TestBooking</h3>
<table border="0" class="bodyTable">
<tr class="a">
<td align="left"><img src="images/icon_success_sml.gif" alt="" /></td>
<td><a id="TC_com.herokuapp.restful.booker.booking.TestBooking.testDeleteBookingWithInvalidToken"></a>testDeleteBookingWithInvalidToken</td>
<td>0.503 s</td></tr>
<tr class="b">
<td align="left"><img src="images/icon_success_sml.gif" alt="" /></td>
<td><a id="TC_com.herokuapp.restful.booker.booking.TestBooking.testUpdateWithAllBookingFieldsAndValidateIfBookingWasUpdated"></a>testUpdateWithAllBookingFieldsAndValidateIfBookingWasUpdated</td>
<td>1.021 s</td></tr>
<tr class="a">
<td align="left"><img src="images/icon_success_sml.gif" alt="" /></td>
<td><a id="TC_com.herokuapp.restful.booker.booking.TestBooking.testUpdateWithPartOfBookingFieldsWithInvalidToken"></a>testUpdateWithPartOfBookingFieldsWithInvalidToken</td>
<td>0.421 s</td></tr>
<tr class="b">
<td align="left"><img src="images/icon_success_sml.gif" alt="" /></td>
<td><a id="TC_com.herokuapp.restful.booker.booking.TestBooking.testUpdateWithPartOfBookingFieldsAndValidateIfBookingWasUpdated"></a>testUpdateWithPartOfBookingFieldsAndValidateIfBookingWasUpdated</td>
<td>0.716 s</td></tr>
<tr class="a">
<td align="left"><img src="images/icon_success_sml.gif" alt="" /></td>
<td><a id="TC_com.herokuapp.restful.booker.booking.TestBooking.testUpdateWithAllBookingFieldsWithInvalidToken"></a>testUpdateWithAllBookingFieldsWithInvalidToken</td>
<td>0.435 s</td></tr>
<tr class="b">
<td align="left"><a href="#com.herokuapp.restful.booker.booking.TestBooking.testGetBookingByIdExpectedStatusCode200"><img src="images/icon_error_sml.gif" alt="" /></a></td>
<td><a id="TC_com.herokuapp.restful.booker.booking.TestBooking.testGetBookingByIdExpectedStatusCode200"></a><a href="#com.herokuapp.restful.booker.booking.TestBooking.testGetBookingByIdExpectedStatusCode200">testGetBookingByIdExpectedStatusCode200</a>
<div class="detailToggle" style="display:inline"><a href="javascript:toggleDisplay('com.herokuapp.restful.booker.booking.TestBooking.testGetBookingByIdExpectedStatusCode200');"><span style="display:inline;" id="com.herokuapp.restful.booker.booking.TestBooking.testGetBookingByIdExpectedStatusCode200-off"> + </span><span style="display:none;" id="com.herokuapp.restful.booker.booking.TestBooking.testGetBookingByIdExpectedStatusCode200-on"> - </span>[ Detail ]</a></div></td>
<td>0.696 s</td></tr>
<tr class="a">
<td align="left">-</td>
<td>1 expectation failed.
Response body doesn't match expectation.
Expected: The content to match the given JSON schema.
error: object has missing required properties ([&quot;additionalneeds&quot;])
    level: &quot;error&quot;
    schema: {&quot;loadingURI&quot;:&quot;file:/home/runner/work/RestAssuredTest/RestAssuredTest/target/test-classes/com/herokuapp/restful.booker/booking/jsonSchema/getBookingByIdJsonSchema.json#&quot;,&quot;pointer&quot;:&quot;&quot;}
    instance: {&quot;pointer&quot;:&quot;&quot;}
    domain: &quot;validation&quot;
    keyword: &quot;required&quot;
    required: [&quot;additionalneeds&quot;,&quot;bookingdates&quot;,&quot;depositpaid&quot;,&quot;firstname&quot;,&quot;lastname&quot;,&quot;totalprice&quot;]
    missing: [&quot;additionalneeds&quot;]

  Actual: {&quot;firstname&quot;:&quot;Eric&quot;,&quot;lastname&quot;:&quot;Jones&quot;,&quot;totalprice&quot;:936,&quot;depositpaid&quot;:false,&quot;bookingdates&quot;:{&quot;checkin&quot;:&quot;2019-11-04&quot;,&quot;checkout&quot;:&quot;2020-02-14&quot;}}
</td>
<td>-</td></tr>
<tr class="b" id="com.herokuapp.restful.booker.booking.TestBooking.testGetBookingByIdExpectedStatusCode200-failure" style="display:none;">
<td align="left">-</td>
<td>
<div class="source">
<pre>java.lang.AssertionError: 
1 expectation failed.
Response body doesn't match expectation.
Expected: The content to match the given JSON schema.
error: object has missing required properties ([&quot;additionalneeds&quot;])
    level: &quot;error&quot;
    schema: {&quot;loadingURI&quot;:&quot;file:/home/runner/work/RestAssuredTest/RestAssuredTest/target/test-classes/com/herokuapp/restful.booker/booking/jsonSchema/getBookingByIdJsonSchema.json#&quot;,&quot;pointer&quot;:&quot;&quot;}
    instance: {&quot;pointer&quot;:&quot;&quot;}
    domain: &quot;validation&quot;
    keyword: &quot;required&quot;
    required: [&quot;additionalneeds&quot;,&quot;bookingdates&quot;,&quot;depositpaid&quot;,&quot;firstname&quot;,&quot;lastname&quot;,&quot;totalprice&quot;]
    missing: [&quot;additionalneeds&quot;]

  Actual: {&quot;firstname&quot;:&quot;Eric&quot;,&quot;lastname&quot;:&quot;Jones&quot;,&quot;totalprice&quot;:936,&quot;depositpaid&quot;:false,&quot;bookingdates&quot;:{&quot;checkin&quot;:&quot;2019-11-04&quot;,&quot;checkout&quot;:&quot;2020-02-14&quot;}}

	at java.base/jdk.internal.reflect.DirectConstructorHandleAccessor.newInstance(DirectConstructorHandleAccessor.java:67)
	at java.base/java.lang.reflect.Constructor.newInstanceWithCaller(Constructor.java:500)
	at java.base/java.lang.reflect.Constructor.newInstance(Constructor.java:484)
	at org.codehaus.groovy.reflection.CachedConstructor.invoke(CachedConstructor.java:73)
	at org.codehaus.groovy.runtime.callsite.ConstructorSite$ConstructorSiteNoUnwrapNoCoerce.callConstructor(ConstructorSite.java:108)
	at org.codehaus.groovy.runtime.callsite.CallSiteArray.defaultCallConstructor(CallSiteArray.java:57)
	at org.codehaus.groovy.runtime.callsite.AbstractCallSite.callConstructor(AbstractCallSite.java:263)
	at org.codehaus.groovy.runtime.callsite.AbstractCallSite.callConstructor(AbstractCallSite.java:277)
	at io.restassured.internal.ResponseSpecificationImpl$HamcrestAssertionClosure.validate(ResponseSpecificationImpl.groovy:512)
	at io.restassured.internal.ResponseSpecificationImpl$HamcrestAssertionClosure$validate$1.call(Unknown Source)
	at io.restassured.internal.ResponseSpecificationImpl.validateResponseIfRequired(ResponseSpecificationImpl.groovy:696)
	at io.restassured.internal.ResponseSpecificationImpl.this$2$validateResponseIfRequired(ResponseSpecificationImpl.groovy)
	at java.base/jdk.internal.reflect.DirectMethodHandleAccessor.invoke(DirectMethodHandleAccessor.java:104)
	at java.base/java.lang.reflect.Method.invoke(Method.java:578)
	at org.codehaus.groovy.runtime.callsite.PlainObjectMetaMethodSite.doInvoke(PlainObjectMetaMethodSite.java:43)
	at org.codehaus.groovy.runtime.callsite.PogoMetaMethodSite$PogoCachedMethodSiteNoUnwrapNoCoerce.invoke(PogoMetaMethodSite.java:198)
	at org.codehaus.groovy.runtime.callsite.PogoMetaMethodSite.callCurrent(PogoMetaMethodSite.java:62)
	at org.codehaus.groovy.runtime.callsite.AbstractCallSite.callCurrent(AbstractCallSite.java:185)
	at io.restassured.internal.ResponseSpecificationImpl.body(ResponseSpecificationImpl.groovy:107)
	at io.restassured.internal.ValidatableResponseOptionsImpl.body(ValidatableResponseOptionsImpl.java:238)
	at assertions.utils.AssertionsUtils.assertJsonSchema(AssertionsUtils.java:19)
	at com.herokuapp.restful.booker.booking.TestBooking.testGetBookingByIdExpectedStatusCode200(TestBooking.java:51)
	at java.base/java.lang.reflect.Method.invoke(Method.java:578)
	at java.base/java.util.ArrayList.forEach(ArrayList.java:1511)
	at java.base/java.util.ArrayList.forEach(ArrayList.java:1511)
</pre></div></td>
<td>-</td></tr>
<tr class="a">
<td align="left"><img src="images/icon_success_sml.gif" alt="" /></td>
<td><a id="TC_com.herokuapp.restful.booker.booking.TestBooking.testDeleteBookingAndValidateIfBookingWasDeleted"></a>testDeleteBookingAndValidateIfBookingWasDeleted</td>
<td>0.692 s</td></tr>
<tr class="b">
<td align="left"><img src="images/icon_success_sml.gif" alt="" /></td>
<td><a id="TC_com.herokuapp.restful.booker.booking.TestBooking.testGetBookingByInvalidIdExpectedStatusCode401"></a>testGetBookingByInvalidIdExpectedStatusCode401</td>
<td>0.480 s</td></tr>
<tr class="a">
<td align="left"><img src="images/icon_success_sml.gif" alt="" /></td>
<td><a id="TC_com.herokuapp.restful.booker.booking.TestBooking.testCreateBookingAndValidateIfBookingWasCreated"></a>testCreateBookingAndValidateIfBookingWasCreated</td>
<td>0.461 s</td></tr>
<tr class="b">
<td align="left"><img src="images/icon_success_sml.gif" alt="" /></td>
<td><a id="TC_com.herokuapp.restful.booker.booking.TestBooking.testGetAllBookingsExpectedStatusCode200"></a>testGetAllBookingsExpectedStatusCode200</td>
<td>0.266 s</td></tr></table></section><br /></section><section><a id="Failure_Details"></a>
<h2><a name="Failure_Details"></a>Failure Details</h2>
<p>[<a href="#Summary">Summary</a>] [<a href="#Package_List">Package List</a>] [<a href="#Test_Cases">Test Cases</a>]</p><br />
<table border="0" class="bodyTable">
<tr class="a">
<td align="left"><img src="images/icon_error_sml.gif" alt="" /></td>
<td><a id="com.herokuapp.restful.booker.authentication.TestAuthentication.testAuthenticationWithInvalidCredentialsExpectedStatusCode401"></a>testAuthenticationWithInvalidCredentialsExpectedStatusCode401</td></tr>
<tr class="b">
<td align="left">-</td>
<td>org.opentest4j.AssertionFailedError: Was expected a status code equal to 401, but received 200 ==&gt; expected: &lt;200&gt; but was: &lt;401&gt;</td></tr>
<tr class="a">
<td align="left">-</td>
<td>
<div id="testAuthenticationWithInvalidCredentialsExpectedStatusCode401-failure">com.herokuapp.restful.booker.authentication.TestAuthentication:55</div></td></tr>
<tr class="b">
<td align="left"><img src="images/icon_error_sml.gif" alt="" /></td>
<td><a id="com.herokuapp.restful.booker.booking.TestBooking.testGetBookingByIdExpectedStatusCode200"></a>testGetBookingByIdExpectedStatusCode200</td></tr>
<tr class="a">
<td align="left">-</td>
<td>java.lang.AssertionError: 1 expectation failed.
Response body doesn't match expectation.
Expected: The content to match the given JSON schema.
error: object has missing required properties ([&quot;additionalneeds&quot;])
    level: &quot;error&quot;
    schema: {&quot;loadingURI&quot;:&quot;file:/home/runner/work/RestAssuredTest/RestAssuredTest/target/test-classes/com/herokuapp/restful.booker/booking/jsonSchema/getBookingByIdJsonSchema.json#&quot;,&quot;pointer&quot;:&quot;&quot;}
    instance: {&quot;pointer&quot;:&quot;&quot;}
    domain: &quot;validation&quot;
    keyword: &quot;required&quot;
    required: [&quot;additionalneeds&quot;,&quot;bookingdates&quot;,&quot;depositpaid&quot;,&quot;firstname&quot;,&quot;lastname&quot;,&quot;totalprice&quot;]
    missing: [&quot;additionalneeds&quot;]

  Actual: {&quot;firstname&quot;:&quot;Eric&quot;,&quot;lastname&quot;:&quot;Jones&quot;,&quot;totalprice&quot;:936,&quot;depositpaid&quot;:false,&quot;bookingdates&quot;:{&quot;checkin&quot;:&quot;2019-11-04&quot;,&quot;checkout&quot;:&quot;2020-02-14&quot;}}
</td></tr>
<tr class="b">
<td align="left">-</td>
<td>
<div id="testGetBookingByIdExpectedStatusCode200-failure">com.herokuapp.restful.booker.booking.TestBooking:51</div></td></tr></table><br /></section>
      </div>
    </div>
    <div class="clear">
      <hr/>
    </div>
    <div id="footer">
      <div class="xright">
        Copyright &#169;      2023..      </div>
      <div class="clear">
        <hr/>
      </div>
    </div>
  </body>
</html>
